


ARM Macro Assembler    Page 1 


    1 00000000                 PRESERVE8
    2 00000000                 THUMB
    3 00000000         
    4 00000000                 INCLUDE          Driver/DriverJeuLaser.inc
    1 00000000         
    2 00000000         ; Bibliotheque DriverJeuLaser (ancienne gassp72 adaptée 
                       2021 - TR)
    3 00000000         ; Accès en aux fonctions suivantes :
    4 00000000         ; GPIO :
    5 00000000         ; GPIOA_Set(char Broche), GPIOB_Set(char Broche), GPIOC_
                       Set(char Broche)
    6 00000000         ; GPIOA_Clear(char Broche), GPIOB_Clear(char Broche), GP
                       IOC_Clear(char Broche)
    7 00000000         
    8 00000000         ; PWM :
    9 00000000         ;/**
   10 00000000         ; * @brief  Fixe une valeur de PWM, Val, en tick horloge
                       . La rapport cyclique effectif
   11 00000000         ; * est donc : rcy = Thaut_ticks / Periode_ticks
   12 00000000         ; * @note   spécifique Jeu Laser, PWM liée exclusivement
                        au TIM3, chan3
   13 00000000         ; * @param  Thaut_ticks : durée de l'état haut d'une imp
                       ulsion en Ticks
   14 00000000         ;  * @retval None
   15 00000000         ; */
   16 00000000         
   17 00000000         ;void PWM_Set_Value_TIM3_Ch3( unsigned short int Thaut_t
                       icks);
   18 00000000                 import           PWM_Set_Value_TIM3_Ch3
   19 00000000         
   20 00000000         
   21 00000000         
   22 00000000         ;/**
   23 00000000         ; * @brief  Mise à 1 d'une broche GPIO 
   24 00000000         ;  * @note   Une fonction par GPIO
   25 00000000         ; * @param  Broche : 0 à 15
   26 00000000         ; * @retval None
   27 00000000         ; */
   28 00000000         
   29 00000000         ;void GPIOA_Set(char Broche);
   30 00000000                 import           GPIOA_Set
   31 00000000         
   32 00000000         ;void GPIOB_Set(char Broche);
   33 00000000                 import           GPIOB_Set
   34 00000000         
   35 00000000         ;void GPIOC_Set(char Broche);
   36 00000000                 import           GPIOC_Set
   37 00000000         
   38 00000000         
   39 00000000         
   40 00000000         ;/**
   41 00000000         ; * @brief  Mise à 0 d'une broche GPIO 
   42 00000000         ;  * @note   Une fonction par GPIO
   43 00000000         ; * @param  Broche : 0 à 15
   44 00000000         ; * @retval None
   45 00000000         ;  */
   46 00000000         
   47 00000000         ;void GPIOA_Clear(char Broche);
   48 00000000                 import           GPIOA_Clear



ARM Macro Assembler    Page 2 


   49 00000000         
   50 00000000         ;void GPIOB_Clear(char Broche);
   51 00000000                 import           GPIOB_Clear
   52 00000000         
   53 00000000         ;void GPIOC_Clear(char Broche);
   54 00000000                 import           GPIOC_Clear
   55 00000000         
   56 00000000                 end
    5 00000000                 EXPORT           SortieSon
    6 00000000                 EXPORT           CallbackSon
    7 00000000                 EXPORT           index
    8 00000000                 IMPORT           Son
    9 00000000                 IMPORT           LongueurSon
   10 00000000         
   11 00000000         ; ====================== zone de réservation de données,
                         ======================================
   12 00000000         ;Section RAM (read only) :
   13 00000000                 area             mesdata,data,readonly
   14 00000000         
   15 00000000         ;Section RAM (read write):
   16 00000000                 area             maram,data,readwrite
   17 00000000         
   18 00000000         
   19 00000000 00 00   SortieSon
                               dcw              0           ; Initialisation de
                                                             la variable global
                                                            e SortieSon
   20 00000002 00 00 00000000 
                       index   dcd              0           ; index de table 
   21 00000008         
   22 00000008         
   23 00000008         ; ======================================================
                       =========================================
   24 00000008         
   25 00000008         
   26 00000008         ;Section ROM code (read only) :  
   27 00000008                 area             moncode,code,readonly
   28 00000000         ; écrire le code ici  
   29 00000000         
   30 00000000         CallbackSon
                               proc
   31 00000000 E92D 4FF0       push{r4-r11,lr}
   32 00000004         
   33 00000004 F8DF A044       ldr              r10, =index ; on charge l'adres
                                                            se de l'index 
   34 00000008 F8DA 1000       ldr              r1, [r10]   ; on récup la valeu
                                                            r 
   35 0000000C         
   36 0000000C         ; Comparaison index et longueur tableau 
   37 0000000C 4C10            ldr              r4, =LongueurSon ; on charge l'
                                                            adresse de longueur
                                                             son 
   38 0000000E 6824            ldr              r4, [r4]    ; on charge la vale
                                                            ur de longueurSon
   39 00000010 42A1            cmp              r1, r4      ; on compare la var
                                                            iable r1 avec Longu
                                                            eurSon 
   40 00000012 D012            beq              setzero     ; si cmp raise un f
                                                            lag, alors on jump 



ARM Macro Assembler    Page 3 


                                                            à setzero
   41 00000014         
   42 00000014 4A0F            ldr              r2, =Son    ; on charge l'adres
                                                            se du début du tabl
                                                            eau Son   
   43 00000016 F932 3011       ldrsh            r3,[r2,r1,LSL#1] ; on charge da
                                                            ns r3 son[index]
   44 0000001A         
   45 0000001A         ; traitement du son  
   46 0000001A F44F 4500       mov              r5,#32768
   47 0000001E 442B            add              r3, r5      ; on met un offset 
                                                            / fait l'addition p
                                                            our avoir un r3 >0
   48 00000020 F04F 065B       mov              r6, #91
   49 00000024 FB93 F3F6       sdiv             r3, r3, r6  ; on divise la nouv
                                                            elle valeur pour l'
                                                            avoir entre 0 et 71
                                                            9
   50 00000028         
   51 00000028 4C0B            ldr              r4, =SortieSon ; on charge dans
                                                             r4 l'adresse de so
                                                            rtieSon  
   52 0000002A 8023            strh             r3, [r4]    ; on charge la vale
                                                            ur de r3 dans r4
   53 0000002C         
   54 0000002C         ; incrémentation de l'index 
   55 0000002C F101 0101       add              r1, #1      ; on incrémente l'i
                                                            ndex 
   56 00000030 F8DF A018       ldr              r10, =index ; on charge l'adres
                                                            se de l'index 
   57 00000034 F8CA 1000       str              r1, [r10]   ; on store la nouve
                                                            lle valeur de l'ind
                                                            ex 
   58 00000038 E001            b                Passage1    ;
   59 0000003A         
   60 0000003A         
   61 0000003A         setzero
   62 0000003A F04F 0300       ldr              r3,=0       ;
   63 0000003E         
   64 0000003E         Passage1
   65 0000003E 4618            mov              r0, r3      ;
   66 00000040 F7FF FFFE       bl               PWM_Set_Value_TIM3_Ch3 ;
   67 00000044 E8BD 4FF0       pop{r4-r11,lr}
   68 00000048 4770            bx               lr
   69 0000004A                 endp
   70 0000004A         
   71 0000004A                 END
              00 00 00000000 
              00000000 
              00000000 
              00000000 
Command Line: --debug --xref --diag_suppress=9931 --cpu=Cortex-M3 --apcs=interw
ork --depend=.\obj\gestionson.d -o.\obj\gestionson.o -I.\RTE\_CibleSondeKEIL -I
C:\Programdata\Keil\Arm\Packs\ARM\CMSIS\5.7.0\CMSIS\Core\Include -IC:\Programda
ta\Keil\Arm\Packs\Keil\STM32F1xx_DFP\2.3.0\Device\Include --predefine="__EVAL S
ETA 1" --predefine="__MICROLIB SETA 1" --predefine="__UVISION_VERSION SETA 530"
 --predefine="_RTE_ SETA 1" --predefine="STM32F10X_MD SETA 1" --predefine="_RTE
_ SETA 1" --list=gestionson.lst Src\GestionSon.s



ARM Macro Assembler    Page 1 Alphabetic symbol ordering
Relocatable symbols

mesdata 00000000

Symbol: mesdata
   Definitions
      At line 13 in file Src\GestionSon.s
   Uses
      None
Comment: mesdata unused
1 symbol



ARM Macro Assembler    Page 1 Alphabetic symbol ordering
Relocatable symbols

SortieSon 00000000

Symbol: SortieSon
   Definitions
      At line 19 in file Src\GestionSon.s
   Uses
      At line 5 in file Src\GestionSon.s
      At line 51 in file Src\GestionSon.s

index 00000004

Symbol: index
   Definitions
      At line 20 in file Src\GestionSon.s
   Uses
      At line 7 in file Src\GestionSon.s
      At line 33 in file Src\GestionSon.s
      At line 56 in file Src\GestionSon.s

maram 00000000

Symbol: maram
   Definitions
      At line 16 in file Src\GestionSon.s
   Uses
      None
Comment: maram unused
3 symbols



ARM Macro Assembler    Page 1 Alphabetic symbol ordering
Relocatable symbols

CallbackSon 00000000

Symbol: CallbackSon
   Definitions
      At line 30 in file Src\GestionSon.s
   Uses
      At line 6 in file Src\GestionSon.s
Comment: CallbackSon used once
Passage1 0000003E

Symbol: Passage1
   Definitions
      At line 64 in file Src\GestionSon.s
   Uses
      At line 58 in file Src\GestionSon.s
Comment: Passage1 used once
moncode 00000000

Symbol: moncode
   Definitions
      At line 27 in file Src\GestionSon.s
   Uses
      None
Comment: moncode unused
setzero 0000003A

Symbol: setzero
   Definitions
      At line 61 in file Src\GestionSon.s
   Uses
      At line 40 in file Src\GestionSon.s
Comment: setzero used once
4 symbols



ARM Macro Assembler    Page 1 Alphabetic symbol ordering
External symbols

GPIOA_Clear 00000000

Symbol: GPIOA_Clear
   Definitions
      At line 48 in file Driver\DriverJeuLaser.inc
   Uses
      None
Comment: GPIOA_Clear unused
GPIOA_Set 00000000

Symbol: GPIOA_Set
   Definitions
      At line 30 in file Driver\DriverJeuLaser.inc
   Uses
      None
Comment: GPIOA_Set unused
GPIOB_Clear 00000000

Symbol: GPIOB_Clear
   Definitions
      At line 51 in file Driver\DriverJeuLaser.inc
   Uses
      None
Comment: GPIOB_Clear unused
GPIOB_Set 00000000

Symbol: GPIOB_Set
   Definitions
      At line 33 in file Driver\DriverJeuLaser.inc
   Uses
      None
Comment: GPIOB_Set unused
GPIOC_Clear 00000000

Symbol: GPIOC_Clear
   Definitions
      At line 54 in file Driver\DriverJeuLaser.inc
   Uses
      None
Comment: GPIOC_Clear unused
GPIOC_Set 00000000

Symbol: GPIOC_Set
   Definitions
      At line 36 in file Driver\DriverJeuLaser.inc
   Uses
      None
Comment: GPIOC_Set unused
LongueurSon 00000000

Symbol: LongueurSon
   Definitions
      At line 9 in file Src\GestionSon.s
   Uses
      At line 37 in file Src\GestionSon.s
Comment: LongueurSon used once
PWM_Set_Value_TIM3_Ch3 00000000

Symbol: PWM_Set_Value_TIM3_Ch3



ARM Macro Assembler    Page 2 Alphabetic symbol ordering
External symbols

   Definitions
      At line 18 in file Driver\DriverJeuLaser.inc
   Uses
      At line 66 in file Src\GestionSon.s
Comment: PWM_Set_Value_TIM3_Ch3 used once
Son 00000000

Symbol: Son
   Definitions
      At line 8 in file Src\GestionSon.s
   Uses
      At line 42 in file Src\GestionSon.s
Comment: Son used once
9 symbols
354 symbols in table
